#
# A fatal error has been detected by the Java Runtime Environment:
#
#  SIGSEGV (0xb) at pc=0x000000010151b05d, pid=6196, tid=30467
#
# JRE version: Java(TM) SE Runtime Environment (8.0_77-b03) (build 1.8.0_77-b03)
# Java VM: Java HotSpot(TM) 64-Bit Server VM (25.77-b03 mixed mode bsd-amd64 compressed oops)
# Problematic frame:
# V  [libjvm.dylib+0x31b05d]  jni_SetStaticIntField+0xa0
#
# Failed to write core dump. Core dumps have been disabled. To enable core dumping, try "ulimit -c unlimited" before starting Java again
#
# If you would like to submit a bug report, please visit:
#   http://bugreport.java.com/bugreport/crash.jsp
#

---------------  T H R E A D  ---------------

Current thread (0x00007fabad19c000):  JavaThread "Task worker for ':' Thread 6" [_thread_in_vm, id=30467, stack(0x00007000116eb000,0x00007000117eb000)]

siginfo: si_signo: 11 (SIGSEGV), si_code: 1 (SEGV_MAPERR), si_addr: 0x0000000000000010

Registers:
RAX=0x0000000101adf530, RBX=0x0000000000000000, RCX=0x0000000000000000, RDX=0x0000000000000000
RSP=0x00007000117e65c0, RBP=0x00007000117e6630, RSI=0x00007000117e66d0, RDI=0x00007fabad19c1f8
R8 =0x00007000117e6238, R9 =0x0000000000000000, R10=0x00007000117e64f8, R11=0x00007faaa80265b5
R12=0x00007fabad19c1f8, R13=0x00007fabad19c000, R14=0x0000000000000000, R15=0x00007000117e66d0
RIP=0x000000010151b05d, EFLAGS=0x0000000000010246, ERR=0x0000000000000004
  TRAPNO=0x000000000000000e

Top of Stack: (sp=0x00007000117e65c0)
0x00007000117e65c0:   000000010d169bf0 00007fabad19c000
0x00007000117e65d0:   00007fabad19c000 00007fabad19c000
0x00007000117e65e0:   00007fabb008ac38 0000000100000b74
0x00007000117e65f0:   00000001017f2c88 00007fabad19c000
0x00007000117e6600:   00007fabad19c000 00007fabad19c1f8
0x00007000117e6610:   000000010151afbd 000000010d16a008
0x00007000117e6620:   00007000117e66d0 0000000109049e39
0x00007000117e6630:   00007000117e6670 0000000109048f98
0x00007000117e6640:   0000000109048e90 000000010d16a010
0x00007000117e6650:   0000000000000000 000000010d16a008
0x00007000117e6660:   00007000117e66d8 00007fabad19c000
0x00007000117e6670:   00007000117e66c0 000000010f25f954
0x00007000117e6680:   00007000117e6680 000000010d16a008
0x00007000117e6690:   00007000117e66d8 000000010d16a228
0x00007000117e66a0:   0000000000000000 000000010d16a010
0x00007000117e66b0:   0000000000000000 00007000117e66e0
0x00007000117e66c0:   00007000117e6720 000000010f251c4d
0x00007000117e66d0:   00000007ade9eff8 000000010f259578
0x00007000117e66e0:   00007000117e66e0 000000010d16a18c
0x00007000117e66f0:   00007000117e6728 000000010d16a228
0x00007000117e6700:   0000000000000000 000000010d16a198
0x00007000117e6710:   00007000117e66e0 00007000117e6730
0x00007000117e6720:   00007000117e6790 000000010f24a7a7
0x00007000117e6730:   0000000100001fa0 000000000000000a
0x00007000117e6740:   00007fabad19c000 0000000000000000
0x00007000117e6750:   000000010f24a71f 000000010d16a198
0x00007000117e6760:   00007000117e6828 00007000117e6960
0x00007000117e6770:   00007fab0000000a 000000010d16a198
0x00007000117e6780:   000000010f25ac00 00007000117e6970
0x00007000117e6790:   00007000117e6940 00000001014ea39e
0x00007000117e67a0:   0000700000000000 00007fabad19c000
0x00007000117e67b0:   00007000117e67d0 00007000117e6960 

Instructions: (pc=0x000000010151b05d)
0x000000010151b03d:   45 a0 48 89 44 24 08 c7 04 24 49 00 00 00 31 f6
0x000000010151b04d:   41 b9 01 00 00 00 31 d2 4d 89 f0 e8 2d 4e 07 00
0x000000010151b05d:   49 63 46 10 49 8b 0e 48 8b 49 68 89 1c 01 90 0f
0x000000010151b06d:   1f 40 00 48 83 7d b0 00 74 09 48 8d 7d a8 e8 58 

Register to memory mapping:

RAX=0x0000000101adf530: _ZN11JvmtiExport31_should_post_field_modificationE+0 in /Library/Java/JavaVirtualMachines/jdk1.8.0_77.jdk/Contents/Home/jre/lib/server/libjvm.dylib at 0x0000000101200000
RBX=0x0000000000000000 is an unknown value
RCX=0x0000000000000000 is an unknown value
RDX=0x0000000000000000 is an unknown value
RSP=0x00007000117e65c0 is pointing into the stack for thread: 0x00007fabad19c000
RBP=0x00007000117e6630 is pointing into the stack for thread: 0x00007fabad19c000
RSI=0x00007000117e66d0 is pointing into the stack for thread: 0x00007fabad19c000
RDI=0x00007fabad19c1f8 is an unknown value
R8 =0x00007000117e6238 is pointing into the stack for thread: 0x00007fabad19c000
R9 =0x0000000000000000 is an unknown value
R10=0x00007000117e64f8 is pointing into the stack for thread: 0x00007fabad19c000
R11=0x00007faaa80265b5 is an unknown value
R12=0x00007fabad19c1f8 is an unknown value
R13=0x00007fabad19c000 is a thread
R14=0x0000000000000000 is an unknown value
R15=0x00007000117e66d0 is pointing into the stack for thread: 0x00007fabad19c000


Stack: [0x00007000116eb000,0x00007000117eb000],  sp=0x00007000117e65c0,  free space=1005k
Native frames: (J=compiled Java code, j=interpreted, Vv=VM code, C=native code)
V  [libjvm.dylib+0x31b05d]  jni_SetStaticIntField+0xa0
C  [libjansi.jnilib+0xf98]  Java_org_fusesource_jansi_internal_CLibrary_init+0x108
j  org.fusesource.jansi.internal.CLibrary.init()V+0
j  org.fusesource.jansi.internal.CLibrary.<clinit>()V+20
v  ~StubRoutines::call_stub
V  [libjvm.dylib+0x2ea39e]  JavaCalls::call_helper(JavaValue*, methodHandle*, JavaCallArguments*, Thread*)+0x6ae
V  [libjvm.dylib+0x2bd4ed]  InstanceKlass::call_class_initializer_impl(instanceKlassHandle, Thread*)+0xbf
V  [libjvm.dylib+0x2be9f5]  InstanceKlass::initialize_impl(instanceKlassHandle, Thread*)+0x4b5
V  [libjvm.dylib+0x2bec8b]  InstanceKlass::initialize(Thread*)+0x3d
V  [libjvm.dylib+0x3c4322]  LinkResolver::resolve_field(fieldDescriptor&, KlassHandle, Symbol*, Symbol*, KlassHandle, Bytecodes::Code, bool, bool, Thread*)+0x31a
V  [libjvm.dylib+0x3c6907]  LinkResolver::resolve_field_access(fieldDescriptor&, constantPoolHandle, int, Bytecodes::Code, Thread*)+0x101
V  [libjvm.dylib+0x2e524f]  InterpreterRuntime::resolve_get_put(JavaThread*, Bytecodes::Code)+0x119
j  org.jetbrains.kotlin.cli.common.messages.PlainTextMessageRenderer.<clinit>()V+21
v  ~StubRoutines::call_stub
V  [libjvm.dylib+0x2ea39e]  JavaCalls::call_helper(JavaValue*, methodHandle*, JavaCallArguments*, Thread*)+0x6ae
V  [libjvm.dylib+0x2bd4ed]  InstanceKlass::call_class_initializer_impl(instanceKlassHandle, Thread*)+0xbf
V  [libjvm.dylib+0x2be9f5]  InstanceKlass::initialize_impl(instanceKlassHandle, Thread*)+0x4b5
V  [libjvm.dylib+0x2bec8b]  InstanceKlass::initialize(Thread*)+0x3d
V  [libjvm.dylib+0x2be833]  InstanceKlass::initialize_impl(instanceKlassHandle, Thread*)+0x2f3
V  [libjvm.dylib+0x2bec8b]  InstanceKlass::initialize(Thread*)+0x3d
V  [libjvm.dylib+0x2e5dac]  InterpreterRuntime::_new(JavaThread*, ConstantPool*, int)+0x5e
j  org.jetbrains.kotlin.cli.common.messages.MessageRenderer.<clinit>()V+10
v  ~StubRoutines::call_stub
V  [libjvm.dylib+0x2ea39e]  JavaCalls::call_helper(JavaValue*, methodHandle*, JavaCallArguments*, Thread*)+0x6ae
V  [libjvm.dylib+0x2bd4ed]  InstanceKlass::call_class_initializer_impl(instanceKlassHandle, Thread*)+0xbf
V  [libjvm.dylib+0x2be9f5]  InstanceKlass::initialize_impl(instanceKlassHandle, Thread*)+0x4b5
V  [libjvm.dylib+0x2bec8b]  InstanceKlass::initialize(Thread*)+0x3d
V  [libjvm.dylib+0x3c4322]  LinkResolver::resolve_field(fieldDescriptor&, KlassHandle, Symbol*, Symbol*, KlassHandle, Bytecodes::Code, bool, bool, Thread*)+0x31a
V  [libjvm.dylib+0x3c6907]  LinkResolver::resolve_field_access(fieldDescriptor&, constantPoolHandle, int, Bytecodes::Code, Thread*)+0x101
V  [libjvm.dylib+0x2e524f]  InterpreterRuntime::resolve_get_put(JavaThread*, Bytecodes::Code)+0x119
j  org.jetbrains.kotlin.compilerRunner.GradleCompilerRunner$loggingMessageCollector$2$1.<init>(Lorg/jetbrains/kotlin/compilerRunner/GradleCompilerRunner$loggingMessageCollector$2;)V+10
j  org.jetbrains.kotlin.compilerRunner.GradleCompilerRunner$loggingMessageCollector$2.invoke()Lorg/jetbrains/kotlin/compilerRunner/GradleCompilerRunner$loggingMessageCollector$2$1;+5
j  org.jetbrains.kotlin.compilerRunner.GradleCompilerRunner$loggingMessageCollector$2.invoke()Ljava/lang/Object;+1
j  kotlin.SynchronizedLazyImpl.getValue()Ljava/lang/Object;+49
j  org.jetbrains.kotlin.compilerRunner.GradleCompilerRunner.getLoggingMessageCollector()Lorg/jetbrains/kotlin/cli/common/messages/MessageCollector;+14
j  org.jetbrains.kotlin.compilerRunner.GradleCompilerRunner.compileOutOfProcess([Ljava/lang/String;Ljava/lang/String;Lorg/jetbrains/kotlin/compilerRunner/GradleCompilerEnvironment;)Lorg/jetbrains/kotlin/cli/common/ExitCode;+238
j  org.jetbrains.kotlin.compilerRunner.GradleCompilerRunner.compileWithDaemonOrFallback(Ljava/lang/String;Lorg/jetbrains/kotlin/cli/common/arguments/CommonCompilerArguments;Lorg/jetbrains/kotlin/compilerRunner/GradleCompilerEnvironment;)Lorg/jetbrains/kotlin/cli/common/ExitCode;+584
j  org.jetbrains.kotlin.compilerRunner.GradleCompilerRunner.compileWithDaemonOrFallback(Ljava/lang/String;Lorg/jetbrains/kotlin/cli/common/arguments/CommonCompilerArguments;Lorg/jetbrains/kotlin/compilerRunner/CompilerEnvironment;)Lorg/jetbrains/kotlin/cli/common/ExitCode;+7
j  org.jetbrains.kotlin.compilerRunner.KotlinCompilerRunner.runCompiler(Ljava/lang/String;Lorg/jetbrains/kotlin/cli/common/arguments/CommonCompilerArguments;Lorg/jetbrains/kotlin/compilerRunner/CompilerEnvironment;)Lorg/jetbrains/kotlin/cli/common/ExitCode;+25
j  org.jetbrains.kotlin.compilerRunner.GradleCompilerRunner.runJvmCompiler(Ljava/util/List;Ljava/lang/Iterable;Lorg/jetbrains/kotlin/cli/common/arguments/K2JVMCompilerArguments;Lorg/jetbrains/kotlin/compilerRunner/GradleCompilerEnvironment;)Lorg/jetbrains/kotlin/cli/common/ExitCode;+234
j  org.jetbrains.kotlin.gradle.tasks.KotlinCompile.callCompiler$kotlin_gradle_plugin(Lorg/jetbrains/kotlin/cli/common/arguments/K2JVMCompilerArguments;Lorg/jetbrains/kotlin/gradle/tasks/SourceRoots;Lorg/jetbrains/kotlin/incremental/ChangedFiles;)V+291
j  org.jetbrains.kotlin.gradle.tasks.KotlinCompile.callCompiler$kotlin_gradle_plugin(Lorg/jetbrains/kotlin/cli/common/arguments/CommonCompilerArguments;Lorg/jetbrains/kotlin/gradle/tasks/SourceRoots;Lorg/jetbrains/kotlin/incremental/ChangedFiles;)V+7
j  org.jetbrains.kotlin.gradle.tasks.AbstractKotlinCompile.execute(Lorg/gradle/api/tasks/incremental/IncrementalTaskInputs;)V+189
v  ~StubRoutines::call_stub
V  [libjvm.dylib+0x2ea39e]  JavaCalls::call_helper(JavaValue*, methodHandle*, JavaCallArguments*, Thread*)+0x6ae
V  [libjvm.dylib+0x4caa14]  Reflection::invoke(instanceKlassHandle, methodHandle, Handle, bool, objArrayHandle, BasicType, objArrayHandle, bool, Thread*)+0xe12
V  [libjvm.dylib+0x4caf48]  Reflection::invoke_method(oopDesc*, Handle, objArrayHandle, Thread*)+0x16c
V  [libjvm.dylib+0x3425b0]  JVM_InvokeMethod+0x166
J 1393  sun.reflect.NativeMethodAccessorImpl.invoke0(Ljava/lang/reflect/Method;Ljava/lang/Object;[Ljava/lang/Object;)Ljava/lang/Object; (0 bytes) @ 0x000000010f6c146d [0x000000010f6c1380+0xed]
J 1392 C1 sun.reflect.NativeMethodAccessorImpl.invoke(Ljava/lang/Object;[Ljava/lang/Object;)Ljava/lang/Object; (104 bytes) @ 0x000000010f6caa94 [0x000000010f6c98c0+0x11d4]
J 5388 C2 java.lang.reflect.Method.invoke(Ljava/lang/Object;[Ljava/lang/Object;)Ljava/lang/Object; (62 bytes) @ 0x00000001101ad408 [0x00000001101ad380+0x88]
J 2361 C1 org.gradle.internal.reflect.JavaMethod.invoke(Ljava/lang/Object;[Ljava/lang/Object;)Ljava/lang/Object; (74 bytes) @ 0x000000010fae393c [0x000000010fae3820+0x11c]
j  org.gradle.api.internal.project.taskfactory.IncrementalTaskAction.doExecute(Lorg/gradle/api/Task;Ljava/lang/String;)V+39
j  org.gradle.api.internal.project.taskfactory.StandardTaskAction.execute(Lorg/gradle/api/Task;)V+32
j  org.gradle.api.internal.project.taskfactory.StandardTaskAction.execute(Ljava/lang/Object;)V+5
j  org.gradle.api.internal.tasks.execution.ExecuteActionsTaskExecuter$1.run(Lorg/gradle/internal/operations/BuildOperationContext;)V+23
J 5853 C1 org.gradle.internal.progress.DefaultBuildOperationExecutor$RunnableBuildOperationWorker.execute(Lorg/gradle/internal/operations/BuildOperation;Lorg/gradle/internal/operations/BuildOperationContext;)V (10 bytes) @ 0x000000010f6de5fc [0x000000010f6de3a0+0x25c]
J 5097 C1 org.gradle.internal.progress.DefaultBuildOperationExecutor.execute(Lorg/gradle/internal/operations/BuildOperation;Lorg/gradle/internal/operations/BuildOperationWorker;Lorg/gradle/internal/progress/DefaultBuildOperationExecutor$DefaultBuildOperationState;)V (394 bytes) @ 0x0000000110113f44 [0x00000001101135c0+0x984]
J 5732 C1 org.gradle.internal.progress.DefaultBuildOperationExecutor.run(Lorg/gradle/internal/operations/RunnableBuildOperation;)V (38 bytes) @ 0x000000011024bc9c [0x000000011024b960+0x33c]
j  org.gradle.api.internal.tasks.execution.ExecuteActionsTaskExecuter.executeAction(Ljava/lang/String;Lorg/gradle/api/internal/TaskInternal;Lorg/gradle/api/internal/tasks/ContextAwareTaskAction;Lorg/gradle/api/internal/tasks/TaskExecutionContext;)V+23
j  org.gradle.api.internal.tasks.execution.ExecuteActionsTaskExecuter.executeActions(Lorg/gradle/api/internal/TaskInternal;Lorg/gradle/api/internal/tasks/TaskStateInternal;Lorg/gradle/api/internal/tasks/TaskExecutionContext;)Lorg/gradle/api/GradleException;+86
j  org.gradle.api.internal.tasks.execution.ExecuteActionsTaskExecuter.execute(Lorg/gradle/api/internal/TaskInternal;Lorg/gradle/api/internal/tasks/TaskStateInternal;Lorg/gradle/api/internal/tasks/TaskExecutionContext;)V+42
j  org.gradle.api.internal.tasks.execution.OutputDirectoryCreatingTaskExecuter.execute(Lorg/gradle/api/internal/TaskInternal;Lorg/gradle/api/internal/tasks/TaskStateInternal;Lorg/gradle/api/internal/tasks/TaskExecutionContext;)V+105
j  org.gradle.api.internal.tasks.execution.SkipUpToDateTaskExecuter.execute(Lorg/gradle/api/internal/TaskInternal;Lorg/gradle/api/internal/tasks/TaskStateInternal;Lorg/gradle/api/internal/tasks/TaskExecutionContext;)V+103
j  org.gradle.api.internal.tasks.execution.ResolveTaskOutputCachingStateExecuter.execute(Lorg/gradle/api/internal/TaskInternal;Lorg/gradle/api/internal/tasks/TaskStateInternal;Lorg/gradle/api/internal/tasks/TaskExecutionContext;)V+102
j  org.gradle.api.internal.tasks.execution.ValidatingTaskExecuter.execute(Lorg/gradle/api/internal/TaskInternal;Lorg/gradle/api/internal/tasks/TaskStateInternal;Lorg/gradle/api/internal/tasks/TaskExecutionContext;)V+119
j  org.gradle.api.internal.tasks.execution.SkipEmptySourceFilesTaskExecuter.execute(Lorg/gradle/api/internal/TaskInternal;Lorg/gradle/api/internal/tasks/TaskStateInternal;Lorg/gradle/api/internal/tasks/TaskExecutionContext;)V+353
j  org.gradle.api.internal.tasks.execution.FinalizeInputFilePropertiesTaskExecuter.execute(Lorg/gradle/api/internal/TaskInternal;Lorg/gradle/api/internal/tasks/TaskStateInternal;Lorg/gradle/api/internal/tasks/TaskExecutionContext;)V+59
j  org.gradle.api.internal.tasks.execution.CleanupStaleOutputsExecuter.execute(Lorg/gradle/api/internal/TaskInternal;Lorg/gradle/api/internal/tasks/TaskStateInternal;Lorg/gradle/api/internal/tasks/TaskExecutionContext;)V+188
j  org.gradle.api.internal.tasks.execution.ResolveTaskArtifactStateTaskExecuter.execute(Lorg/gradle/api/internal/TaskInternal;Lorg/gradle/api/internal/tasks/TaskStateInternal;Lorg/gradle/api/internal/tasks/TaskExecutionContext;)V+96
j  org.gradle.api.internal.tasks.execution.SkipTaskWithNoActionsExecuter.execute(Lorg/gradle/api/internal/TaskInternal;Lorg/gradle/api/internal/tasks/TaskStateInternal;Lorg/gradle/api/internal/tasks/TaskExecutionContext;)V+135
j  org.gradle.api.internal.tasks.execution.SkipOnlyIfTaskExecuter.execute(Lorg/gradle/api/internal/TaskInternal;Lorg/gradle/api/internal/tasks/TaskStateInternal;Lorg/gradle/api/internal/tasks/TaskExecutionContext;)V+85
j  org.gradle.api.internal.tasks.execution.ExecuteAtMostOnceTaskExecuter.execute(Lorg/gradle/api/internal/TaskInternal;Lorg/gradle/api/internal/tasks/TaskStateInternal;Lorg/gradle/api/internal/tasks/TaskExecutionContext;)V+26
j  org.gradle.api.internal.tasks.execution.CatchExceptionTaskExecuter.execute(Lorg/gradle/api/internal/TaskInternal;Lorg/gradle/api/internal/tasks/TaskStateInternal;Lorg/gradle/api/internal/tasks/TaskExecutionContext;)V+7
j  org.gradle.execution.taskgraph.DefaultTaskGraphExecuter$EventFiringTaskWorker$1.run(Lorg/gradle/internal/operations/BuildOperationContext;)V+56
j  org.gradle.internal.progress.DefaultBuildOperationExecutor$RunnableBuildOperationWorker.execute(Lorg/gradle/internal/operations/RunnableBuildOperation;Lorg/gradle/internal/operations/BuildOperationContext;)V+2
j  org.gradle.internal.progress.DefaultBuildOperationExecutor$RunnableBuildOperationWorker.execute(Lorg/gradle/internal/operations/BuildOperation;Lorg/gradle/internal/operations/BuildOperationContext;)V+6
J 5097 C1 org.gradle.internal.progress.DefaultBuildOperationExecutor.execute(Lorg/gradle/internal/operations/BuildOperation;Lorg/gradle/internal/operations/BuildOperationWorker;Lorg/gradle/internal/progress/DefaultBuildOperationExecutor$DefaultBuildOperationState;)V (394 bytes) @ 0x0000000110113f44 [0x00000001101135c0+0x984]
j  org.gradle.internal.progress.DefaultBuildOperationExecutor.run(Lorg/gradle/internal/operations/RunnableBuildOperation;)V+20
j  org.gradle.execution.taskgraph.DefaultTaskGraphExecuter$EventFiringTaskWorker.execute(Lorg/gradle/api/internal/TaskInternal;)V+16
j  org.gradle.execution.taskgraph.DefaultTaskGraphExecuter$EventFiringTaskWorker.execute(Ljava/lang/Object;)V+5
j  org.gradle.execution.taskgraph.DefaultTaskPlanExecutor$TaskExecutorWorker.processTask(Lorg/gradle/execution/taskgraph/TaskInfo;)V+8
j  org.gradle.execution.taskgraph.DefaultTaskPlanExecutor$TaskExecutorWorker.access$200(Lorg/gradle/execution/taskgraph/DefaultTaskPlanExecutor$TaskExecutorWorker;Lorg/gradle/execution/taskgraph/TaskInfo;)V+2
j  org.gradle.execution.taskgraph.DefaultTaskPlanExecutor$TaskExecutorWorker$1.execute(Lorg/gradle/execution/taskgraph/TaskInfo;)V+38
j  org.gradle.execution.taskgraph.DefaultTaskPlanExecutor$TaskExecutorWorker$1.execute(Ljava/lang/Object;)V+5
j  org.gradle.execution.taskgraph.DefaultTaskExecutionPlan.execute(Lorg/gradle/execution/taskgraph/TaskInfo;Lorg/gradle/internal/work/WorkerLeaseRegistry$WorkerLease;Lorg/gradle/api/Action;)V+14
j  org.gradle.execution.taskgraph.DefaultTaskExecutionPlan.executeWithTask(Lorg/gradle/internal/work/WorkerLeaseRegistry$WorkerLease;Lorg/gradle/api/Action;)Z+53
j  org.gradle.execution.taskgraph.DefaultTaskPlanExecutor$TaskExecutorWorker.run()V+52
j  org.gradle.internal.concurrent.ExecutorPolicy$CatchAndRecordFailures.onExecute(Ljava/lang/Runnable;)V+1
j  org.gradle.internal.concurrent.ManagedExecutorImpl$1.run()V+25
j  java.util.concurrent.ThreadPoolExecutor.runWorker(Ljava/util/concurrent/ThreadPoolExecutor$Worker;)V+95
j  java.util.concurrent.ThreadPoolExecutor$Worker.run()V+5
j  org.gradle.internal.concurrent.ThreadFactoryImpl$ManagedThreadRunnable.run()V+7
j  java.lang.Thread.run()V+11
v  ~StubRoutines::call_stub
V  [libjvm.dylib+0x2ea39e]  JavaCalls::call_helper(JavaValue*, methodHandle*, JavaCallArguments*, Thread*)+0x6ae
V  [libjvm.dylib+0x2eab2c]  JavaCalls::call_virtual(JavaValue*, KlassHandle, Symbol*, Symbol*, JavaCallArguments*, Thread*)+0x164
V  [libjvm.dylib+0x2eacd8]  JavaCalls::call_virtual(JavaValue*, Handle, KlassHandle, Symbol*, Symbol*, Thread*)+0x4a
V  [libjvm.dylib+0x345255]  thread_entry(JavaThread*, Thread*)+0x7c
V  [libjvm.dylib+0x560e03]  JavaThread::thread_main_inner()+0x9b
...<more frames>...

Java frames: (J=compiled Java code, j=interpreted, Vv=VM code)
j  org.fusesource.jansi.internal.CLibrary.init()V+0
j  org.fusesource.jansi.internal.CLibrary.<clinit>()V+20
v  ~StubRoutines::call_stub
j  org.jetbrains.kotlin.cli.common.messages.PlainTextMessageRenderer.<clinit>()V+21
v  ~StubRoutines::call_stub
j  org.jetbrains.kotlin.cli.common.messages.MessageRenderer.<clinit>()V+10
v  ~StubRoutines::call_stub
j  org.jetbrains.kotlin.compilerRunner.GradleCompilerRunner$loggingMessageCollector$2$1.<init>(Lorg/jetbrains/kotlin/compilerRunner/GradleCompilerRunner$loggingMessageCollector$2;)V+10
j  org.jetbrains.kotlin.compilerRunner.GradleCompilerRunner$loggingMessageCollector$2.invoke()Lorg/jetbrains/kotlin/compilerRunner/GradleCompilerRunner$loggingMessageCollector$2$1;+5
j  org.jetbrains.kotlin.compilerRunner.GradleCompilerRunner$loggingMessageCollector$2.invoke()Ljava/lang/Object;+1
j  kotlin.SynchronizedLazyImpl.getValue()Ljava/lang/Object;+49
j  org.jetbrains.kotlin.compilerRunner.GradleCompilerRunner.getLoggingMessageCollector()Lorg/jetbrains/kotlin/cli/common/messages/MessageCollector;+14
j  org.jetbrains.kotlin.compilerRunner.GradleCompilerRunner.compileOutOfProcess([Ljava/lang/String;Ljava/lang/String;Lorg/jetbrains/kotlin/compilerRunner/GradleCompilerEnvironment;)Lorg/jetbrains/kotlin/cli/common/ExitCode;+238
j  org.jetbrains.kotlin.compilerRunner.GradleCompilerRunner.compileWithDaemonOrFallback(Ljava/lang/String;Lorg/jetbrains/kotlin/cli/common/arguments/CommonCompilerArguments;Lorg/jetbrains/kotlin/compilerRunner/GradleCompilerEnvironment;)Lorg/jetbrains/kotlin/cli/common/ExitCode;+584
j  org.jetbrains.kotlin.compilerRunner.GradleCompilerRunner.compileWithDaemonOrFallback(Ljava/lang/String;Lorg/jetbrains/kotlin/cli/common/arguments/CommonCompilerArguments;Lorg/jetbrains/kotlin/compilerRunner/CompilerEnvironment;)Lorg/jetbrains/kotlin/cli/common/ExitCode;+7
j  org.jetbrains.kotlin.compilerRunner.KotlinCompilerRunner.runCompiler(Ljava/lang/String;Lorg/jetbrains/kotlin/cli/common/arguments/CommonCompilerArguments;Lorg/jetbrains/kotlin/compilerRunner/CompilerEnvironment;)Lorg/jetbrains/kotlin/cli/common/ExitCode;+25
j  org.jetbrains.kotlin.compilerRunner.GradleCompilerRunner.runJvmCompiler(Ljava/util/List;Ljava/lang/Iterable;Lorg/jetbrains/kotlin/cli/common/arguments/K2JVMCompilerArguments;Lorg/jetbrains/kotlin/compilerRunner/GradleCompilerEnvironment;)Lorg/jetbrains/kotlin/cli/common/ExitCode;+234
j  org.jetbrains.kotlin.gradle.tasks.KotlinCompile.callCompiler$kotlin_gradle_plugin(Lorg/jetbrains/kotlin/cli/common/arguments/K2JVMCompilerArguments;Lorg/jetbrains/kotlin/gradle/tasks/SourceRoots;Lorg/jetbrains/kotlin/incremental/ChangedFiles;)V+291
j  org.jetbrains.kotlin.gradle.tasks.KotlinCompile.callCompiler$kotlin_gradle_plugin(Lorg/jetbrains/kotlin/cli/common/arguments/CommonCompilerArguments;Lorg/jetbrains/kotlin/gradle/tasks/SourceRoots;Lorg/jetbrains/kotlin/incremental/ChangedFiles;)V+7
j  org.jetbrains.kotlin.gradle.tasks.AbstractKotlinCompile.execute(Lorg/gradle/api/tasks/incremental/IncrementalTaskInputs;)V+189
v  ~StubRoutines::call_stub
J 1393  sun.reflect.NativeMethodAccessorImpl.invoke0(Ljava/lang/reflect/Method;Ljava/lang/Object;[Ljava/lang/Object;)Ljava/lang/Object; (0 bytes) @ 0x000000010f6c13f7 [0x000000010f6c1380+0x77]
J 1392 C1 sun.reflect.NativeMethodAccessorImpl.invoke(Ljava/lang/Object;[Ljava/lang/Object;)Ljava/lang/Object; (104 bytes) @ 0x000000010f6caa94 [0x000000010f6c98c0+0x11d4]
J 5388 C2 java.lang.reflect.Method.invoke(Ljava/lang/Object;[Ljava/lang/Object;)Ljava/lang/Object; (62 bytes) @ 0x00000001101ad408 [0x00000001101ad380+0x88]
J 2361 C1 org.gradle.internal.reflect.JavaMethod.invoke(Ljava/lang/Object;[Ljava/lang/Object;)Ljava/lang/Object; (74 bytes) @ 0x000000010fae393c [0x000000010fae3820+0x11c]
j  org.gradle.api.internal.project.taskfactory.IncrementalTaskAction.doExecute(Lorg/gradle/api/Task;Ljava/lang/String;)V+39
j  org.gradle.api.internal.project.taskfactory.StandardTaskAction.execute(Lorg/gradle/api/Task;)V+32
j  org.gradle.api.internal.project.taskfactory.StandardTaskAction.execute(Ljava/lang/Object;)V+5
j  org.gradle.api.internal.tasks.execution.ExecuteActionsTaskExecuter$1.run(Lorg/gradle/internal/operations/BuildOperationContext;)V+23
J 5853 C1 org.gradle.internal.progress.DefaultBuildOperationExecutor$RunnableBuildOperationWorker.execute(Lorg/gradle/internal/operations/BuildOperation;Lorg/gradle/internal/operations/BuildOperationContext;)V (10 bytes) @ 0x000000010f6de5fc [0x000000010f6de3a0+0x25c]
J 5097 C1 org.gradle.internal.progress.DefaultBuildOperationExecutor.execute(Lorg/gradle/internal/operations/BuildOperation;Lorg/gradle/internal/operations/BuildOperationWorker;Lorg/gradle/internal/progress/DefaultBuildOperationExecutor$DefaultBuildOperationState;)V (394 bytes) @ 0x0000000110113f44 [0x00000001101135c0+0x984]
J 5732 C1 org.gradle.internal.progress.DefaultBuildOperationExecutor.run(Lorg/gradle/internal/operations/RunnableBuildOperation;)V (38 bytes) @ 0x000000011024bc9c [0x000000011024b960+0x33c]
j  org.gradle.api.internal.tasks.execution.ExecuteActionsTaskExecuter.executeAction(Ljava/lang/String;Lorg/gradle/api/internal/TaskInternal;Lorg/gradle/api/internal/tasks/ContextAwareTaskAction;Lorg/gradle/api/internal/tasks/TaskExecutionContext;)V+23
j  org.gradle.api.internal.tasks.execution.ExecuteActionsTaskExecuter.executeActions(Lorg/gradle/api/internal/TaskInternal;Lorg/gradle/api/internal/tasks/TaskStateInternal;Lorg/gradle/api/internal/tasks/TaskExecutionContext;)Lorg/gradle/api/GradleException;+86
j  org.gradle.api.internal.tasks.execution.ExecuteActionsTaskExecuter.execute(Lorg/gradle/api/internal/TaskInternal;Lorg/gradle/api/internal/tasks/TaskStateInternal;Lorg/gradle/api/internal/tasks/TaskExecutionContext;)V+42
j  org.gradle.api.internal.tasks.execution.OutputDirectoryCreatingTaskExecuter.execute(Lorg/gradle/api/internal/TaskInternal;Lorg/gradle/api/internal/tasks/TaskStateInternal;Lorg/gradle/api/internal/tasks/TaskExecutionContext;)V+105
j  org.gradle.api.internal.tasks.execution.SkipUpToDateTaskExecuter.execute(Lorg/gradle/api/internal/TaskInternal;Lorg/gradle/api/internal/tasks/TaskStateInternal;Lorg/gradle/api/internal/tasks/TaskExecutionContext;)V+103
j  org.gradle.api.internal.tasks.execution.ResolveTaskOutputCachingStateExecuter.execute(Lorg/gradle/api/internal/TaskInternal;Lorg/gradle/api/internal/tasks/TaskStateInternal;Lorg/gradle/api/internal/tasks/TaskExecutionContext;)V+102
j  org.gradle.api.internal.tasks.execution.ValidatingTaskExecuter.execute(Lorg/gradle/api/internal/TaskInternal;Lorg/gradle/api/internal/tasks/TaskStateInternal;Lorg/gradle/api/internal/tasks/TaskExecutionContext;)V+119
j  org.gradle.api.internal.tasks.execution.SkipEmptySourceFilesTaskExecuter.execute(Lorg/gradle/api/internal/TaskInternal;Lorg/gradle/api/internal/tasks/TaskStateInternal;Lorg/gradle/api/internal/tasks/TaskExecutionContext;)V+353
j  org.gradle.api.internal.tasks.execution.FinalizeInputFilePropertiesTaskExecuter.execute(Lorg/gradle/api/internal/TaskInternal;Lorg/gradle/api/internal/tasks/TaskStateInternal;Lorg/gradle/api/internal/tasks/TaskExecutionContext;)V+59
j  org.gradle.api.internal.tasks.execution.CleanupStaleOutputsExecuter.execute(Lorg/gradle/api/internal/TaskInternal;Lorg/gradle/api/internal/tasks/TaskStateInternal;Lorg/gradle/api/internal/tasks/TaskExecutionContext;)V+188
j  org.gradle.api.internal.tasks.execution.ResolveTaskArtifactStateTaskExecuter.execute(Lorg/gradle/api/internal/TaskInternal;Lorg/gradle/api/internal/tasks/TaskStateInternal;Lorg/gradle/api/internal/tasks/TaskExecutionContext;)V+96
j  org.gradle.api.internal.tasks.execution.SkipTaskWithNoActionsExecuter.execute(Lorg/gradle/api/internal/TaskInternal;Lorg/gradle/api/internal/tasks/TaskStateInternal;Lorg/gradle/api/internal/tasks/TaskExecutionContext;)V+135
j  org.gradle.api.internal.tasks.execution.SkipOnlyIfTaskExecuter.execute(Lorg/gradle/api/internal/TaskInternal;Lorg/gradle/api/internal/tasks/TaskStateInternal;Lorg/gradle/api/internal/tasks/TaskExecutionContext;)V+85
j  org.gradle.api.internal.tasks.execution.ExecuteAtMostOnceTaskExecuter.execute(Lorg/gradle/api/internal/TaskInternal;Lorg/gradle/api/internal/tasks/TaskStateInternal;Lorg/gradle/api/internal/tasks/TaskExecutionContext;)V+26
j  org.gradle.api.internal.tasks.execution.CatchExceptionTaskExecuter.execute(Lorg/gradle/api/internal/TaskInternal;Lorg/gradle/api/internal/tasks/TaskStateInternal;Lorg/gradle/api/internal/tasks/TaskExecutionContext;)V+7
j  org.gradle.execution.taskgraph.DefaultTaskGraphExecuter$EventFiringTaskWorker$1.run(Lorg/gradle/internal/operations/BuildOperationContext;)V+56
j  org.gradle.internal.progress.DefaultBuildOperationExecutor$RunnableBuildOperationWorker.execute(Lorg/gradle/internal/operations/RunnableBuildOperation;Lorg/gradle/internal/operations/BuildOperationContext;)V+2
j  org.gradle.internal.progress.DefaultBuildOperationExecutor$RunnableBuildOperationWorker.execute(Lorg/gradle/internal/operations/BuildOperation;Lorg/gradle/internal/operations/BuildOperationContext;)V+6
J 5097 C1 org.gradle.internal.progress.DefaultBuildOperationExecutor.execute(Lorg/gradle/internal/operations/BuildOperation;Lorg/gradle/internal/operations/BuildOperationWorker;Lorg/gradle/internal/progress/DefaultBuildOperationExecutor$DefaultBuildOperationState;)V (394 bytes) @ 0x0000000110113f44 [0x00000001101135c0+0x984]
j  org.gradle.internal.progress.DefaultBuildOperationExecutor.run(Lorg/gradle/internal/operations/RunnableBuildOperation;)V+20
j  org.gradle.execution.taskgraph.DefaultTaskGraphExecuter$EventFiringTaskWorker.execute(Lorg/gradle/api/internal/TaskInternal;)V+16
j  org.gradle.execution.taskgraph.DefaultTaskGraphExecuter$EventFiringTaskWorker.execute(Ljava/lang/Object;)V+5
j  org.gradle.execution.taskgraph.DefaultTaskPlanExecutor$TaskExecutorWorker.processTask(Lorg/gradle/execution/taskgraph/TaskInfo;)V+8
j  org.gradle.execution.taskgraph.DefaultTaskPlanExecutor$TaskExecutorWorker.access$200(Lorg/gradle/execution/taskgraph/DefaultTaskPlanExecutor$TaskExecutorWorker;Lorg/gradle/execution/taskgraph/TaskInfo;)V+2
j  org.gradle.execution.taskgraph.DefaultTaskPlanExecutor$TaskExecutorWorker$1.execute(Lorg/gradle/execution/taskgraph/TaskInfo;)V+38
j  org.gradle.execution.taskgraph.DefaultTaskPlanExecutor$TaskExecutorWorker$1.execute(Ljava/lang/Object;)V+5
j  org.gradle.execution.taskgraph.DefaultTaskExecutionPlan.execute(Lorg/gradle/execution/taskgraph/TaskInfo;Lorg/gradle/internal/work/WorkerLeaseRegistry$WorkerLease;Lorg/gradle/api/Action;)V+14
j  org.gradle.execution.taskgraph.DefaultTaskExecutionPlan.executeWithTask(Lorg/gradle/internal/work/WorkerLeaseRegistry$WorkerLease;Lorg/gradle/api/Action;)Z+53
j  org.gradle.execution.taskgraph.DefaultTaskPlanExecutor$TaskExecutorWorker.run()V+52
j  org.gradle.internal.concurrent.ExecutorPolicy$CatchAndRecordFailures.onExecute(Ljava/lang/Runnable;)V+1
j  org.gradle.internal.concurrent.ManagedExecutorImpl$1.run()V+25
j  java.util.concurrent.ThreadPoolExecutor.runWorker(Ljava/util/concurrent/ThreadPoolExecutor$Worker;)V+95
j  java.util.concurrent.ThreadPoolExecutor$Worker.run()V+5
j  org.gradle.internal.concurrent.ThreadFactoryImpl$ManagedThreadRunnable.run()V+7
j  java.lang.Thread.run()V+11
v  ~StubRoutines::call_stub

---------------  P R O C E S S  ---------------

Java Threads: ( => current thread )
  0x00007fabb1a77000 JavaThread "process reaper" daemon [_thread_in_native, id=36611, stack(0x000070000e452000,0x000070000e47a000)]
  0x00007fabaf58c800 JavaThread "Task worker for ':' Thread 7" [_thread_blocked, id=30979, stack(0x00007000117ee000,0x00007000118ee000)]
=>0x00007fabad19c000 JavaThread "Task worker for ':' Thread 6" [_thread_in_vm, id=30467, stack(0x00007000116eb000,0x00007000117eb000)]
  0x00007fabaa459000 JavaThread "Task worker for ':' Thread 5" [_thread_blocked, id=29955, stack(0x00007000115e8000,0x00007000116e8000)]
  0x00007fabacd58000 JavaThread "Task worker for ':' Thread 4" [_thread_blocked, id=29699, stack(0x00007000114e5000,0x00007000115e5000)]
  0x00007fabb0962000 JavaThread "Task worker for ':' Thread 3" [_thread_blocked, id=29187, stack(0x00007000113e2000,0x00007000114e2000)]
  0x00007fabaa45b800 JavaThread "Task worker for ':' Thread 2" [_thread_blocked, id=37635, stack(0x00007000112df000,0x00007000113df000)]
  0x00007fabaf58c000 JavaThread "Task worker for ':'" [_thread_blocked, id=28931, stack(0x00007000111dc000,0x00007000112dc000)]
  0x00007fabafc4b800 JavaThread "Cache worker for Build Output Cleanup Cache (/Users/Andre/Projetos/telegram-microservices/.gradle/buildOutputCleanup)" [_thread_blocked, id=28419, stack(0x00007000110d9000,0x00007000111d9000)]
  0x00007fabaf438800 JavaThread "Cache worker for task history cache (/Users/Andre/Projetos/telegram-microservices/.gradle/4.6/taskHistory)" [_thread_blocked, id=27907, stack(0x0000700010fd6000,0x00007000110d6000)]
  0x00007fabad1a1800 JavaThread "Cache worker for file content cache (/Users/Andre/Projetos/telegram-microservices/.gradle/4.6/fileContent)" [_thread_blocked, id=38147, stack(0x0000700010ed3000,0x0000700010fd3000)]
  0x00007fabafa15800 JavaThread "Memory manager" [_thread_blocked, id=27395, stack(0x0000700010dd0000,0x0000700010ed0000)]
  0x00007fabaccd2000 JavaThread "Build operations Thread 8" [_thread_blocked, id=38659, stack(0x0000700010ccd000,0x0000700010dcd000)]
  0x00007fabaf259000 JavaThread "Build operations Thread 7" [_thread_blocked, id=39171, stack(0x0000700010bca000,0x0000700010cca000)]
  0x00007fabac894800 JavaThread "Build operations Thread 6" [_thread_blocked, id=26627, stack(0x0000700010ac7000,0x0000700010bc7000)]
  0x00007fabaa4c7000 JavaThread "Build operations Thread 5" [_thread_blocked, id=39683, stack(0x00007000109c4000,0x0000700010ac4000)]
  0x00007fabafb66800 JavaThread "Build operations Thread 4" [_thread_blocked, id=39939, stack(0x00007000108c1000,0x00007000109c1000)]
  0x00007fabaddc2000 JavaThread "Build operations Thread 3" [_thread_blocked, id=40451, stack(0x00007000107be000,0x00007000108be000)]
  0x00007fabad1b9000 JavaThread "Build operations Thread 2" [_thread_blocked, id=25859, stack(0x00007000106bb000,0x00007000107bb000)]
  0x00007fabac899000 JavaThread "Build operations" [_thread_blocked, id=4103, stack(0x00007000105b8000,0x00007000106b8000)]
  0x00007fabaf258800 JavaThread "Cache worker for Artifact transforms cache (/Users/Andre/.gradle/caches/transforms-1)" [_thread_blocked, id=40707, stack(0x00007000104b5000,0x00007000105b5000)]
  0x00007faba9cca800 JavaThread "Cache worker for file hash cache (/Users/Andre/Projetos/telegram-microservices/.gradle/4.6/fileHashes)" [_thread_blocked, id=40963, stack(0x00007000103b2000,0x00007000104b2000)]
  0x00007fababca4000 JavaThread "File lock request listener" [_thread_in_native, id=41475, stack(0x00007000102af000,0x00007000103af000)]
  0x00007fabaa825000 JavaThread "Cache worker for file hash cache (/Users/Andre/.gradle/caches/4.6/fileHashes)" [_thread_blocked, id=41731, stack(0x00007000101ac000,0x00007000102ac000)]
  0x00007faba9cf5800 JavaThread "Stdin handler" [_thread_blocked, id=24323, stack(0x00007000100a9000,0x00007000101a9000)]
  0x00007faba9cf7000 JavaThread "Asynchronous log dispatcher for DefaultDaemonConnection: socket connection from /127.94.0.1:56894 to /127.94.0.1:56895" [_thread_blocked, id=41987, stack(0x000070000ffa6000,0x00007000100a6000)]
  0x00007faba9cc8000 JavaThread "Daemon worker" [_thread_blocked, id=23555, stack(0x000070000fea3000,0x000070000ffa3000)]
  0x00007fababc9f000 JavaThread "Cancel handler" [_thread_blocked, id=42499, stack(0x000070000fda0000,0x000070000fea0000)]
  0x00007faba9cb6800 JavaThread "Handler for socket connection from /127.94.0.1:56894 to /127.94.0.1:56895" [_thread_in_native, id=23043, stack(0x000070000fc9d000,0x000070000fd9d000)]
  0x00007fabaac2f000 JavaThread "Daemon" [_thread_blocked, id=42755, stack(0x000070000fb9a000,0x000070000fc9a000)]
  0x00007fababc8f000 JavaThread "Daemon periodic checks" [_thread_blocked, id=43011, stack(0x000070000fa97000,0x000070000fb97000)]
  0x00007fababc8e800 JavaThread "Incoming local TCP Connector on port 56894" [_thread_in_native, id=22275, stack(0x000070000f994000,0x000070000fa94000)]
  0x00007fabac19b800 JavaThread "Daemon health stats" [_thread_blocked, id=21763, stack(0x000070000f891000,0x000070000f991000)]
  0x00007fabad012000 JavaThread "Service Thread" daemon [_thread_blocked, id=17667, stack(0x000070000f68b000,0x000070000f78b000)]
  0x00007fabac030000 JavaThread "C1 CompilerThread3" daemon [_thread_blocked, id=16643, stack(0x000070000f588000,0x000070000f688000)]
  0x00007fabad80c000 JavaThread "C2 CompilerThread2" daemon [_thread_blocked, id=18179, stack(0x000070000f485000,0x000070000f585000)]
  0x00007faba9832000 JavaThread "C2 CompilerThread1" daemon [_thread_blocked, id=18435, stack(0x000070000f382000,0x000070000f482000)]
  0x00007fabac01f000 JavaThread "C2 CompilerThread0" daemon [_thread_blocked, id=15619, stack(0x000070000f27f000,0x000070000f37f000)]
  0x00007fabaa807000 JavaThread "Signal Dispatcher" daemon [_thread_blocked, id=15363, stack(0x000070000f17c000,0x000070000f27c000)]
  0x00007fabaa806800 JavaThread "Finalizer" daemon [_thread_blocked, id=19715, stack(0x000070000f079000,0x000070000f179000)]
  0x00007fabac80c800 JavaThread "Reference Handler" daemon [_thread_blocked, id=19971, stack(0x000070000ef76000,0x000070000f076000)]
  0x00007faba9806800 JavaThread "main" [_thread_blocked, id=6147, stack(0x000070000e558000,0x000070000e658000)]

Other Threads:
  0x00007fabac014800 VMThread [stack: 0x000070000ee73000,0x000070000ef73000] [id=12803]
  0x00007fabab828000 WatcherThread [stack: 0x000070000f78e000,0x000070000f88e000] [id=17155]

VM state:not at safepoint (normal execution)

VM Mutex/Monitor currently owned by a thread: None

Heap:
 PSYoungGen      total 130560K, used 67236K [0x00000007aab00000, 0x00000007b4300000, 0x00000007c0000000)
  eden space 117248K, 46% used [0x00000007aab00000,0x00000007adfb1118,0x00000007b1d80000)
  from space 13312K, 99% used [0x00000007b2c00000,0x00000007b38f8070,0x00000007b3900000)
  to   space 14848K, 0% used [0x00000007b1d80000,0x00000007b1d80000,0x00000007b2c00000)
 ParOldGen       total 100864K, used 17152K [0x0000000780000000, 0x0000000786280000, 0x00000007aab00000)
  object space 100864K, 17% used [0x0000000780000000,0x00000007810c0108,0x0000000786280000)
 Metaspace       used 43823K, capacity 44582K, committed 44720K, reserved 1087488K
  class space    used 6058K, capacity 6272K, committed 6320K, reserved 1048576K

Card table byte_map: [0x000000010254f000,0x0000000102750000] byte_map_base: 0x00000000fe94f000

Marking Bits: (ParMarkBitMap*) 0x0000000101ae3ea0
 Begin Bits: [0x00000001028a6000, 0x00000001038a6000)
 End Bits:   [0x00000001038a6000, 0x00000001048a6000)

Polling page: 0x000000010018a000

CodeCache: size=245760Kb used=18494Kb max_used=18574Kb free=227265Kb
 bounds [0x000000010f24a000, 0x000000011048a000, 0x000000011e24a000]
 total_blobs=6404 nmethods=5686 adapters=630
 compilation: enabled

Compilation events (10 events):
Event: 12.205 Thread 0x00007fabac030000 6321   !   3       com.sun.proxy.$Proxy1::onOutput (34 bytes)
Event: 12.205 Thread 0x00007fabac030000 nmethod 6321 0x000000010f439c50 code [0x000000010f439de0, 0x000000010f43a2d8]
Event: 12.206 Thread 0x00007fabac030000 6320   !   3       java.io.PrintStream::write (83 bytes)
Event: 12.207 Thread 0x00007fabac030000 nmethod 6320 0x000000011047f690 code [0x000000011047f8c0, 0x0000000110480468]
Event: 12.208 Thread 0x00007fabac030000 6319   !   3       java.io.PrintStream::write (69 bytes)
Event: 12.208 Thread 0x00007fabac030000 nmethod 6319 0x000000010f5d8f50 code [0x000000010f5d9120, 0x000000010f5d9898]
Event: 12.209 Thread 0x00007fabac030000 6322       3       java.io.PrintStream::append (6 bytes)
Event: 12.209 Thread 0x00007fabac030000 nmethod 6322 0x000000011047f250 code [0x000000011047f3c0, 0x000000011047f5c8]
Event: 12.210 Thread 0x00007fabac030000 6323       3       java.io.PrintStream::append (25 bytes)
Event: 12.210 Thread 0x00007fabac030000 nmethod 6323 0x000000010f6df310 code [0x000000010f6df4a0, 0x000000010f6df8a8]

GC Heap History (10 events):
Event: 6.899 GC heap before
{Heap before GC invocations=10 (full 1):
 PSYoungGen      total 88576K, used 58146K [0x00000007aab00000, 0x00000007b2080000, 0x00000007c0000000)
  eden space 77312K, 60% used [0x00000007aab00000,0x00000007ad9018f0,0x00000007af680000)
  from space 11264K, 97% used [0x00000007b0300000,0x00000007b0dc7090,0x00000007b0e00000)
  to   space 12800K, 0% used [0x00000007af680000,0x00000007af680000,0x00000007b0300000)
 ParOldGen       total 64000K, used 9218K [0x0000000780000000, 0x0000000783e80000, 0x00000007aab00000)
  object space 64000K, 14% used [0x0000000780000000,0x0000000780900a48,0x0000000783e80000)
 Metaspace       used 34885K, capacity 35380K, committed 35496K, reserved 1079296K
  class space    used 4942K, capacity 5109K, committed 5168K, reserved 1048576K
Event: 6.908 GC heap after
Heap after GC invocations=10 (full 1):
 PSYoungGen      total 90112K, used 7447K [0x00000007aab00000, 0x00000007b2880000, 0x00000007c0000000)
  eden space 77312K, 0% used [0x00000007aab00000,0x00000007aab00000,0x00000007af680000)
  from space 12800K, 58% used [0x00000007af680000,0x00000007afdc5dc8,0x00000007b0300000)
  to   space 12288K, 0% used [0x00000007b1c80000,0x00000007b1c80000,0x00000007b2880000)
 ParOldGen       total 64000K, used 12394K [0x0000000780000000, 0x0000000783e80000, 0x00000007aab00000)
  object space 64000K, 19% used [0x0000000780000000,0x0000000780c1aac8,0x0000000783e80000)
 Metaspace       used 34885K, capacity 35380K, committed 35496K, reserved 1079296K
  class space    used 4942K, capacity 5109K, committed 5168K, reserved 1048576K
}
Event: 6.908 GC heap before
{Heap before GC invocations=11 (full 2):
 PSYoungGen      total 90112K, used 7447K [0x00000007aab00000, 0x00000007b2880000, 0x00000007c0000000)
  eden space 77312K, 0% used [0x00000007aab00000,0x00000007aab00000,0x00000007af680000)
  from space 12800K, 58% used [0x00000007af680000,0x00000007afdc5dc8,0x00000007b0300000)
  to   space 12288K, 0% used [0x00000007b1c80000,0x00000007b1c80000,0x00000007b2880000)
 ParOldGen       total 64000K, used 12394K [0x0000000780000000, 0x0000000783e80000, 0x00000007aab00000)
  object space 64000K, 19% used [0x0000000780000000,0x0000000780c1aac8,0x0000000783e80000)
 Metaspace       used 34885K, capacity 35380K, committed 35496K, reserved 1079296K
  class space    used 4942K, capacity 5109K, committed 5168K, reserved 1048576K
Event: 6.989 GC heap after
Heap after GC invocations=11 (full 2):
 PSYoungGen      total 90112K, used 0K [0x00000007aab00000, 0x00000007b2880000, 0x00000007c0000000)
  eden space 77312K, 0% used [0x00000007aab00000,0x00000007aab00000,0x00000007af680000)
  from space 12800K, 0% used [0x00000007af680000,0x00000007af680000,0x00000007b0300000)
  to   space 12288K, 0% used [0x00000007b1c80000,0x00000007b1c80000,0x00000007b2880000)
 ParOldGen       total 100864K, used 16913K [0x0000000780000000, 0x0000000786280000, 0x00000007aab00000)
  object space 100864K, 16% used [0x0000000780000000,0x0000000781084748,0x0000000786280000)
 Metaspace       used 34873K, capacity 35364K, committed 35496K, reserved 1079296K
  class space    used 4938K, capacity 5105K, committed 5168K, reserved 1048576K
}
Event: 8.777 GC heap before
{Heap before GC invocations=12 (full 2):
 PSYoungGen      total 90112K, used 77312K [0x00000007aab00000, 0x00000007b2880000, 0x00000007c0000000)
  eden space 77312K, 100% used [0x00000007aab00000,0x00000007af680000,0x00000007af680000)
  from space 12800K, 0% used [0x00000007af680000,0x00000007af680000,0x00000007b0300000)
  to   space 12288K, 0% used [0x00000007b1c80000,0x00000007b1c80000,0x00000007b2880000)
 ParOldGen       total 100864K, used 16913K [0x0000000780000000, 0x0000000786280000, 0x00000007aab00000)
  object space 100864K, 16% used [0x0000000780000000,0x0000000781084748,0x0000000786280000)
 Metaspace       used 39971K, capacity 40706K, committed 40752K, reserved 1083392K
  class space    used 5675K, capacity 5903K, committed 5936K, reserved 1048576K
Event: 8.791 GC heap after
Heap after GC invocations=12 (full 2):
 PSYoungGen      total 106496K, used 10174K [0x00000007aab00000, 0x00000007b2680000, 0x00000007c0000000)
  eden space 96256K, 0% used [0x00000007aab00000,0x00000007aab00000,0x00000007b0900000)
  from space 10240K, 99% used [0x00000007b1c80000,0x00000007b266fa80,0x00000007b2680000)
  to   space 12800K, 0% used [0x00000007b0d80000,0x00000007b0d80000,0x00000007b1a00000)
 ParOldGen       total 100864K, used 16921K [0x0000000780000000, 0x0000000786280000, 0x00000007aab00000)
  object space 100864K, 16% used [0x0000000780000000,0x0000000781086748,0x0000000786280000)
 Metaspace       used 39971K, capacity 40706K, committed 40752K, reserved 1083392K
  class space    used 5675K, capacity 5903K, committed 5936K, reserved 1048576K
}
Event: 10.034 GC heap before
{Heap before GC invocations=13 (full 2):
 PSYoungGen      total 106496K, used 106430K [0x00000007aab00000, 0x00000007b2680000, 0x00000007c0000000)
  eden space 96256K, 100% used [0x00000007aab00000,0x00000007b0900000,0x00000007b0900000)
  from space 10240K, 99% used [0x00000007b1c80000,0x00000007b266fa80,0x00000007b2680000)
  to   space 12800K, 0% used [0x00000007b0d80000,0x00000007b0d80000,0x00000007b1a00000)
 ParOldGen       total 100864K, used 16921K [0x0000000780000000, 0x0000000786280000, 0x00000007aab00000)
  object space 100864K, 16% used [0x0000000780000000,0x0000000781086748,0x0000000786280000)
 Metaspace       used 41533K, capacity 42228K, committed 42416K, reserved 1085440K
  class space    used 5803K, capacity 5986K, committed 6064K, reserved 1048576K
Event: 10.044 GC heap after
Heap after GC invocations=13 (full 2):
 PSYoungGen      total 113664K, used 10576K [0x00000007aab00000, 0x00000007b3900000, 0x00000007c0000000)
  eden space 100864K, 0% used [0x00000007aab00000,0x00000007aab00000,0x00000007b0d80000)
  from space 12800K, 82% used [0x00000007b0d80000,0x00000007b17d4070,0x00000007b1a00000)
  to   space 13312K, 0% used [0x00000007b2c00000,0x00000007b2c00000,0x00000007b3900000)
 ParOldGen       total 100864K, used 16929K [0x0000000780000000, 0x0000000786280000, 0x00000007aab00000)
  object space 100864K, 16% used [0x0000000780000000,0x0000000781088748,0x0000000786280000)
 Metaspace       used 41533K, capacity 42228K, committed 42416K, reserved 1085440K
  class space    used 5803K, capacity 5986K, committed 6064K, reserved 1048576K
}
Event: 10.836 GC heap before
{Heap before GC invocations=14 (full 2):
 PSYoungGen      total 113664K, used 111440K [0x00000007aab00000, 0x00000007b3900000, 0x00000007c0000000)
  eden space 100864K, 100% used [0x00000007aab00000,0x00000007b0d80000,0x00000007b0d80000)
  from space 12800K, 82% used [0x00000007b0d80000,0x00000007b17d4070,0x00000007b1a00000)
  to   space 13312K, 0% used [0x00000007b2c00000,0x00000007b2c00000,0x00000007b3900000)
 ParOldGen       total 100864K, used 16929K [0x0000000780000000, 0x0000000786280000, 0x00000007aab00000)
  object space 100864K, 16% used [0x0000000780000000,0x0000000781088748,0x0000000786280000)
 Metaspace       used 41924K, capacity 42642K, committed 42928K, reserved 1085440K
  class space    used 5808K, capacity 5991K, committed 6064K, reserved 1048576K
Event: 10.849 GC heap after
Heap after GC invocations=14 (full 2):
 PSYoungGen      total 130560K, used 13280K [0x00000007aab00000, 0x00000007b4300000, 0x00000007c0000000)
  eden space 117248K, 0% used [0x00000007aab00000,0x00000007aab00000,0x00000007b1d80000)
  from space 13312K, 99% used [0x00000007b2c00000,0x00000007b38f8070,0x00000007b3900000)
  to   space 14848K, 0% used [0x00000007b1d80000,0x00000007b1d80000,0x00000007b2c00000)
 ParOldGen       total 100864K, used 17152K [0x0000000780000000, 0x0000000786280000, 0x00000007aab00000)
  object space 100864K, 17% used [0x0000000780000000,0x00000007810c0108,0x0000000786280000)
 Metaspace       used 41924K, capacity 42642K, committed 42928K, reserved 1085440K
  class space    used 5808K, capacity 5991K, committed 6064K, reserved 1048576K
}

Deoptimization events (10 events):
Event: 11.095 Thread 0x00007fabad19c000 Uncommon trap: reason=class_check action=maybe_recompile pc=0x000000010f6a8e10 method=java.util.zip.InflaterInputStream.read([BII)I @ 100
Event: 11.096 Thread 0x00007fabad19c000 Uncommon trap: reason=class_check action=maybe_recompile pc=0x000000010f6a8e10 method=java.util.zip.InflaterInputStream.read([BII)I @ 100
Event: 11.096 Thread 0x00007fabad19c000 Uncommon trap: reason=class_check action=maybe_recompile pc=0x000000010f6a8e10 method=java.util.zip.InflaterInputStream.read([BII)I @ 100
Event: 11.322 Thread 0x00007fabad19c000 Uncommon trap: reason=bimorphic action=maybe_recompile pc=0x00000001101d75b0 method=java.util.regex.Pattern$Curly.study(Ljava/util/regex/Pattern$TreeInfo;)Z @ 149
Event: 11.322 Thread 0x00007fabad19c000 Uncommon trap: reason=bimorphic action=maybe_recompile pc=0x00000001101d75b0 method=java.util.regex.Pattern$Curly.study(Ljava/util/regex/Pattern$TreeInfo;)Z @ 149
Event: 11.444 Thread 0x00007fabad19c000 Uncommon trap: reason=unstable_if action=reinterpret pc=0x000000010fff4028 method=java.lang.reflect.Field.get(Ljava/lang/Object;)Ljava/lang/Object; @ 4
Event: 11.458 Thread 0x00007fabad19c000 Uncommon trap: reason=unstable_if action=reinterpret pc=0x000000010f52b604 method=java.lang.String.lastIndexOf([CII[CIII)I @ 17
Event: 11.513 Thread 0x00007fabad19c000 Uncommon trap: reason=unstable_if action=reinterpret pc=0x000000010febd704 method=java.util.regex.Pattern.range(Ljava/util/regex/Pattern$BitClass;)Ljava/util/regex/Pattern$CharProperty; @ 85
Event: 11.806 Thread 0x00007fababc8f000 Uncommon trap: reason=speculate_class_check action=maybe_recompile pc=0x000000010ff734d0 method=java.util.AbstractList.listIterator()Ljava/util/ListIterator; @ 2
Event: 12.198 Thread 0x00007fabad19c000 Uncommon trap: reason=unstable_if action=reinterpret pc=0x000000010f6b731c method=java.util.regex.Pattern.range(Ljava/util/regex/Pattern$BitClass;)Ljava/util/regex/Pattern$CharProperty; @ 85

Internal exceptions (10 events):
Event: 8.675 Thread 0x00007fabaa45b800 Exception <a 'java/lang/ClassNotFoundException': org/gradle/api/internal/artifacts/configurations/DefaultConfiguration_DecoratedCustomizer> (0x00000007af1905d0) thrown at [/Users/java_re/workspace/8-2-build-macosx-x86_64/jdk8u77/6540/hotspot/src/share/vm/
Event: 9.942 Thread 0x00007fabaa45b800 Exception <a 'java/lang/NoSuchMethodError': <clinit>> (0x00000007b063e378) thrown at [/Users/java_re/workspace/8-2-build-macosx-x86_64/jdk8u77/6540/hotspot/src/share/vm/prims/jni.cpp, line 1591]
Event: 9.944 Thread 0x00007fabaa45b800 Exception <a 'java/lang/NoSuchMethodError': <clinit>> (0x00000007b06514c8) thrown at [/Users/java_re/workspace/8-2-build-macosx-x86_64/jdk8u77/6540/hotspot/src/share/vm/prims/jni.cpp, line 1591]
Event: 9.944 Thread 0x00007fabaa45b800 Exception <a 'java/lang/NoSuchMethodError': <clinit>> (0x00000007b0652d78) thrown at [/Users/java_re/workspace/8-2-build-macosx-x86_64/jdk8u77/6540/hotspot/src/share/vm/prims/jni.cpp, line 1591]
Event: 9.956 Thread 0x00007fabad19c000 Exception <a 'java/lang/NoSuchMethodError': <clinit>> (0x00000007aae28660) thrown at [/Users/java_re/workspace/8-2-build-macosx-x86_64/jdk8u77/6540/hotspot/src/share/vm/prims/jni.cpp, line 1591]
Event: 10.011 Thread 0x00007fabad19c000 Implicit null exception at 0x000000010f541118 to 0x000000010f541389
Event: 12.195 Thread 0x00007fabad19c000 JVM_StopThread thread JavaThread 0x00007fabad7b5800 as oop 0x00000007ade36cf0 [exception 0x00007000117e7cc8]
Event: 12.196 Thread 0x00007fabad7b5800 Exception <a 'java/lang/ThreadDeath'> (0x00000007ade37b58) thrown at [/Users/java_re/workspace/8-2-build-macosx-x86_64/jdk8u77/6540/hotspot/src/share/vm/oops/instanceKlass.cpp, line 948]
Event: 12.199 Thread 0x00007fabad19c000 Exception <a 'java/lang/NoClassDefFoundError': Could not initialize class kotlin.Unit> (0x00000007ade41720) thrown at [/Users/java_re/workspace/8-2-build-macosx-x86_64/jdk8u77/6540/hotspot/src/share/vm/oops/instanceKlass.cpp, line 874]
Event: 12.217 Thread 0x00007fabad19c000 Exception <a 'java/lang/NoSuchFieldError': TCSANOW> (0x00000007adeac8c0) thrown at [/Users/java_re/workspace/8-2-build-macosx-x86_64/jdk8u77/6540/hotspot/src/share/vm/prims/jni.cpp, line 2932]

Events (10 events):
Event: 12.210 loading class org/jetbrains/kotlin/org/fusesource/hawtjni/runtime/Library
Event: 12.210 loading class org/jetbrains/kotlin/org/fusesource/hawtjni/runtime/Library done
Event: 12.210 Thread 0x00007fabac030000 flushing nmethod 0x000000010fa36790
Event: 12.210 Thread 0x00007fabac030000 flushing nmethod 0x000000010fa36c10
Event: 12.210 Thread 0x00007fabac030000 flushing nmethod 0x000000010fa372d0
Event: 12.210 Thread 0x00007fabac030000 flushing nmethod 0x000000010fa38a90
Event: 12.211 Thread 0x00007fabac030000 flushing nmethod 0x000000010fa6ad10
Event: 12.211 Thread 0x00007fabac030000 flushing nmethod 0x000000010fa74c90
Event: 12.211 Thread 0x00007fabac030000 flushing nmethod 0x000000010fab1f90
Event: 12.211 Thread 0x00007fabac030000 flushing nmethod 0x000000010fabf950


Dynamic libraries:
0x000000002183b000 	/System/Library/Frameworks/Cocoa.framework/Versions/A/Cocoa
0x000000002183b000 	/System/Library/Frameworks/Security.framework/Versions/A/Security
0x000000002183b000 	/System/Library/Frameworks/ApplicationServices.framework/Versions/A/ApplicationServices
0x000000002183b000 	/usr/lib/libz.1.dylib
0x000000002183b000 	/usr/lib/libSystem.B.dylib
0x000000002183b000 	/usr/lib/libobjc.A.dylib
0x000000002183b000 	/System/Library/Frameworks/CoreFoundation.framework/Versions/A/CoreFoundation
0x000000002183b000 	/System/Library/Frameworks/Foundation.framework/Versions/C/Foundation
0x000000002183b000 	/System/Library/Frameworks/AppKit.framework/Versions/C/AppKit
0x000000002183b000 	/System/Library/Frameworks/CoreData.framework/Versions/A/CoreData
0x000000002183b000 	/System/Library/PrivateFrameworks/RemoteViewServices.framework/Versions/A/RemoteViewServices
0x000000002183b000 	/System/Library/PrivateFrameworks/UIFoundation.framework/Versions/A/UIFoundation
0x000000002183b000 	/System/Library/PrivateFrameworks/XCTTargetBootstrap.framework/Versions/A/XCTTargetBootstrap
0x000000002183b000 	/System/Library/PrivateFrameworks/IconServices.framework/Versions/A/IconServices
0x000000002183b000 	/System/Library/Frameworks/Metal.framework/Versions/A/Metal
0x000000002183b000 	/System/Library/PrivateFrameworks/DesktopServicesPriv.framework/Versions/A/DesktopServicesPriv
0x000000002183b000 	/usr/lib/libenergytrace.dylib
0x000000002183b000 	/System/Library/PrivateFrameworks/SkyLight.framework/Versions/A/SkyLight
0x000000002183b000 	/System/Library/Frameworks/CoreGraphics.framework/Versions/A/CoreGraphics
0x000000002183b000 	/System/Library/Frameworks/Accelerate.framework/Versions/A/Accelerate
0x000000002183b000 	/System/Library/Frameworks/IOSurface.framework/Versions/A/IOSurface
0x000000002183b000 	/System/Library/PrivateFrameworks/DFRFoundation.framework/Versions/A/DFRFoundation
0x000000002183b000 	/System/Library/Frameworks/AudioToolbox.framework/Versions/A/AudioToolbox
0x000000002183b000 	/System/Library/Frameworks/AudioUnit.framework/Versions/A/AudioUnit
0x000000002183b000 	/System/Library/PrivateFrameworks/DataDetectorsCore.framework/Versions/A/DataDetectorsCore
0x000000002183b000 	/System/Library/Frameworks/Carbon.framework/Versions/A/Frameworks/HIToolbox.framework/Versions/A/HIToolbox
0x000000002183b000 	/usr/lib/libicucore.A.dylib
0x000000002183b000 	/System/Library/Frameworks/QuartzCore.framework/Versions/A/QuartzCore
0x000000002183b000 	/System/Library/Frameworks/Carbon.framework/Versions/A/Frameworks/SpeechRecognition.framework/Versions/A/SpeechRecognition
0x000000002183b000 	/usr/lib/libauto.dylib
0x000000002183b000 	/usr/lib/libxml2.2.dylib
0x000000002183b000 	/System/Library/PrivateFrameworks/CoreUI.framework/Versions/A/CoreUI
0x000000002183b000 	/System/Library/Frameworks/CoreAudio.framework/Versions/A/CoreAudio
0x000000002183b000 	/System/Library/Frameworks/DiskArbitration.framework/Versions/A/DiskArbitration
0x000000002183b000 	/usr/lib/liblangid.dylib
0x000000002183b000 	/System/Library/PrivateFrameworks/MultitouchSupport.framework/Versions/A/MultitouchSupport
0x000000002183b000 	/System/Library/Frameworks/IOKit.framework/Versions/A/IOKit
0x000000002183b000 	/usr/lib/libDiagnosticMessagesClient.dylib
0x000000002183b000 	/System/Library/Frameworks/CoreServices.framework/Versions/A/CoreServices
0x000000002183b000 	/System/Library/PrivateFrameworks/PerformanceAnalysis.framework/Versions/A/PerformanceAnalysis
0x000000002183b000 	/System/Library/Frameworks/OpenGL.framework/Versions/A/OpenGL
0x000000002183b000 	/System/Library/Frameworks/ColorSync.framework/Versions/A/ColorSync
0x000000002183b000 	/System/Library/Frameworks/CoreImage.framework/Versions/A/CoreImage
0x000000002183b000 	/System/Library/Frameworks/CoreText.framework/Versions/A/CoreText
0x000000002183b000 	/System/Library/Frameworks/ImageIO.framework/Versions/A/ImageIO
0x000000002183b000 	/System/Library/PrivateFrameworks/Backup.framework/Versions/A/Backup
0x000000002183b000 	/usr/lib/libarchive.2.dylib
0x000000002183b000 	/System/Library/Frameworks/CFNetwork.framework/Versions/A/CFNetwork
0x000000002183b000 	/System/Library/Frameworks/SystemConfiguration.framework/Versions/A/SystemConfiguration
0x000000002183b000 	/usr/lib/libCRFSuite.dylib
0x000000002183b000 	/usr/lib/libc++.1.dylib
0x000000002183b000 	/usr/lib/libc++abi.dylib
0x000000002183b000 	/usr/lib/system/libcache.dylib
0x000000002183b000 	/usr/lib/system/libcommonCrypto.dylib
0x000000002183b000 	/usr/lib/system/libcompiler_rt.dylib
0x000000002183b000 	/usr/lib/system/libcopyfile.dylib
0x000000002183b000 	/usr/lib/system/libcorecrypto.dylib
0x000000002183b000 	/usr/lib/system/libdispatch.dylib
0x000000002183b000 	/usr/lib/system/libdyld.dylib
0x000000002183b000 	/usr/lib/system/libkeymgr.dylib
0x000000002183b000 	/usr/lib/system/liblaunch.dylib
0x000000002183b000 	/usr/lib/system/libmacho.dylib
0x000000002183b000 	/usr/lib/system/libquarantine.dylib
0x000000002183b000 	/usr/lib/system/libremovefile.dylib
0x000000002183b000 	/usr/lib/system/libsystem_asl.dylib
0x000000002183b000 	/usr/lib/system/libsystem_blocks.dylib
0x000000002183b000 	/usr/lib/system/libsystem_c.dylib
0x000000002183b000 	/usr/lib/system/libsystem_configuration.dylib
0x000000002183b000 	/usr/lib/system/libsystem_coreservices.dylib
0x000000002183b000 	/usr/lib/system/libsystem_darwin.dylib
0x000000002183b000 	/usr/lib/system/libsystem_dnssd.dylib
0x000000002183b000 	/usr/lib/system/libsystem_info.dylib
0x000000002183b000 	/usr/lib/system/libsystem_m.dylib
0x000000002183b000 	/usr/lib/system/libsystem_malloc.dylib
0x000000002183b000 	/usr/lib/system/libsystem_networkextension.dylib
0x000000002183b000 	/usr/lib/system/libsystem_notify.dylib
0x000000002183b000 	/usr/lib/system/libsystem_sandbox.dylib
0x000000002183b000 	/usr/lib/system/libsystem_secinit.dylib
0x000000002183b000 	/usr/lib/system/libsystem_kernel.dylib
0x000000002183b000 	/usr/lib/system/libsystem_platform.dylib
0x000000002183b000 	/usr/lib/system/libsystem_pthread.dylib
0x000000002183b000 	/usr/lib/system/libsystem_symptoms.dylib
0x000000002183b000 	/usr/lib/system/libsystem_trace.dylib
0x000000002183b000 	/usr/lib/system/libunwind.dylib
0x000000002183b000 	/usr/lib/system/libxpc.dylib
0x000000002183b000 	/usr/lib/libbsm.0.dylib
0x000000002183b000 	/usr/lib/system/libkxld.dylib
0x000000002183b000 	/System/Library/PrivateFrameworks/AppleFSCompression.framework/Versions/A/AppleFSCompression
0x000000002183b000 	/usr/lib/libOpenScriptingUtil.dylib
0x000000002183b000 	/usr/lib/libcoretls.dylib
0x000000002183b000 	/usr/lib/libcoretls_cfhelpers.dylib
0x000000002183b000 	/usr/lib/libpam.2.dylib
0x000000002183b000 	/usr/lib/libsqlite3.dylib
0x000000002183b000 	/usr/lib/libxar.1.dylib
0x000000002183b000 	/usr/lib/libbz2.1.0.dylib
0x000000002183b000 	/usr/lib/liblzma.5.dylib
0x000000002183b000 	/usr/lib/libnetwork.dylib
0x000000002183b000 	/usr/lib/libapple_nghttp2.dylib
0x000000002183b000 	/usr/lib/libpcap.A.dylib
0x000000002183b000 	/System/Library/Frameworks/CoreServices.framework/Versions/A/Frameworks/FSEvents.framework/Versions/A/FSEvents
0x000000002183b000 	/System/Library/Frameworks/CoreServices.framework/Versions/A/Frameworks/CarbonCore.framework/Versions/A/CarbonCore
0x000000002183b000 	/System/Library/Frameworks/CoreServices.framework/Versions/A/Frameworks/Metadata.framework/Versions/A/Metadata
0x000000002183b000 	/System/Library/Frameworks/CoreServices.framework/Versions/A/Frameworks/OSServices.framework/Versions/A/OSServices
0x000000002183b000 	/System/Library/Frameworks/CoreServices.framework/Versions/A/Frameworks/SearchKit.framework/Versions/A/SearchKit
0x000000002183b000 	/System/Library/Frameworks/CoreServices.framework/Versions/A/Frameworks/AE.framework/Versions/A/AE
0x000000002183b000 	/System/Library/Frameworks/CoreServices.framework/Versions/A/Frameworks/LaunchServices.framework/Versions/A/LaunchServices
0x000000002183b000 	/System/Library/Frameworks/CoreServices.framework/Versions/A/Frameworks/DictionaryServices.framework/Versions/A/DictionaryServices
0x000000002183b000 	/System/Library/Frameworks/CoreServices.framework/Versions/A/Frameworks/SharedFileList.framework/Versions/A/SharedFileList
0x000000002183b000 	/System/Library/Frameworks/NetFS.framework/Versions/A/NetFS
0x000000002183b000 	/System/Library/PrivateFrameworks/NetAuth.framework/Versions/A/NetAuth
0x000000002183b000 	/System/Library/PrivateFrameworks/login.framework/Versions/A/Frameworks/loginsupport.framework/Versions/A/loginsupport
0x000000002183b000 	/System/Library/PrivateFrameworks/TCC.framework/Versions/A/TCC
0x000000002183b000 	/System/Library/PrivateFrameworks/CoreNLP.framework/Versions/A/CoreNLP
0x000000002183b000 	/System/Library/PrivateFrameworks/MetadataUtilities.framework/Versions/A/MetadataUtilities
0x000000002183b000 	/usr/lib/libmecabra.dylib
0x000000002183b000 	/System/Library/Frameworks/ApplicationServices.framework/Versions/A/Frameworks/ATS.framework/Versions/A/ATS
0x000000002183b000 	/System/Library/Frameworks/ApplicationServices.framework/Versions/A/Frameworks/ColorSyncLegacy.framework/Versions/A/ColorSyncLegacy
0x000000002183b000 	/System/Library/Frameworks/ApplicationServices.framework/Versions/A/Frameworks/HIServices.framework/Versions/A/HIServices
0x000000002183b000 	/System/Library/Frameworks/ApplicationServices.framework/Versions/A/Frameworks/LangAnalysis.framework/Versions/A/LangAnalysis
0x000000002183b000 	/System/Library/Frameworks/ApplicationServices.framework/Versions/A/Frameworks/PrintCore.framework/Versions/A/PrintCore
0x000000002183b000 	/System/Library/Frameworks/ApplicationServices.framework/Versions/A/Frameworks/QD.framework/Versions/A/QD
0x000000002183b000 	/System/Library/Frameworks/ApplicationServices.framework/Versions/A/Frameworks/SpeechSynthesis.framework/Versions/A/SpeechSynthesis
0x000000002183b000 	/usr/lib/libcompression.dylib
0x000000002183b000 	/System/Library/Frameworks/CoreDisplay.framework/Versions/A/CoreDisplay
0x000000002183b000 	/System/Library/Frameworks/MetalPerformanceShaders.framework/Versions/A/MetalPerformanceShaders
0x000000002183b000 	/System/Library/Frameworks/Accelerate.framework/Versions/A/Frameworks/vImage.framework/Versions/A/vImage
0x000000002183b000 	/System/Library/Frameworks/Accelerate.framework/Versions/A/Frameworks/vecLib.framework/Versions/A/vecLib
0x000000002183b000 	/System/Library/Frameworks/Accelerate.framework/Versions/A/Frameworks/vecLib.framework/Versions/A/libvMisc.dylib
0x000000002183b000 	/System/Library/Frameworks/Accelerate.framework/Versions/A/Frameworks/vecLib.framework/Versions/A/libvDSP.dylib
0x000000002183b000 	/System/Library/Frameworks/Accelerate.framework/Versions/A/Frameworks/vecLib.framework/Versions/A/libBLAS.dylib
0x000000002183b000 	/System/Library/Frameworks/Accelerate.framework/Versions/A/Frameworks/vecLib.framework/Versions/A/libLAPACK.dylib
0x000000002183b000 	/System/Library/Frameworks/Accelerate.framework/Versions/A/Frameworks/vecLib.framework/Versions/A/libLinearAlgebra.dylib
0x000000002183b000 	/System/Library/Frameworks/Accelerate.framework/Versions/A/Frameworks/vecLib.framework/Versions/A/libSparseBLAS.dylib
0x000000002183b000 	/System/Library/Frameworks/Accelerate.framework/Versions/A/Frameworks/vecLib.framework/Versions/A/libQuadrature.dylib
0x000000002183b000 	/System/Library/Frameworks/Accelerate.framework/Versions/A/Frameworks/vecLib.framework/Versions/A/libBNNS.dylib
0x000000002183b000 	/System/Library/Frameworks/Accelerate.framework/Versions/A/Frameworks/vecLib.framework/Versions/A/libSparse.dylib
0x000000002183b000 	/System/Library/PrivateFrameworks/GPUWrangler.framework/Versions/A/GPUWrangler
0x000000002183b000 	/System/Library/PrivateFrameworks/IOAccelerator.framework/Versions/A/IOAccelerator
0x000000002183b000 	/System/Library/PrivateFrameworks/IOPresentment.framework/Versions/A/IOPresentment
0x000000002183b000 	/System/Library/PrivateFrameworks/DSExternalDisplay.framework/Versions/A/DSExternalDisplay
0x000000002183b000 	/System/Library/Frameworks/OpenGL.framework/Versions/A/Libraries/libCoreFSCache.dylib
0x000000002183b000 	/System/Library/Frameworks/MetalPerformanceShaders.framework/Frameworks/MPSCore.framework/Versions/A/MPSCore
0x000000002183b000 	/System/Library/Frameworks/MetalPerformanceShaders.framework/Frameworks/MPSImage.framework/Versions/A/MPSImage
0x000000002183b000 	/System/Library/Frameworks/MetalPerformanceShaders.framework/Frameworks/MPSNeuralNetwork.framework/Versions/A/MPSNeuralNetwork
0x000000002183b000 	/System/Library/Frameworks/MetalPerformanceShaders.framework/Frameworks/MPSMatrix.framework/Versions/A/MPSMatrix
0x000000002183b000 	/System/Library/Frameworks/MetalPerformanceShaders.framework/Frameworks/MPSRayIntersector.framework/Versions/A/MPSRayIntersector
0x000000002183b000 	/System/Library/PrivateFrameworks/MetalTools.framework/Versions/A/MetalTools
0x000000002183b000 	/System/Library/PrivateFrameworks/AggregateDictionary.framework/Versions/A/AggregateDictionary
0x000000002183b000 	/usr/lib/libMobileGestalt.dylib
0x000000002183b000 	/System/Library/Frameworks/CoreVideo.framework/Versions/A/CoreVideo
0x000000002183b000 	/System/Library/PrivateFrameworks/GraphVisualizer.framework/Versions/A/GraphVisualizer
0x000000002183b000 	/System/Library/PrivateFrameworks/FaceCore.framework/Versions/A/FaceCore
0x000000002183b000 	/System/Library/Frameworks/OpenCL.framework/Versions/A/OpenCL
0x000000002183b000 	/usr/lib/libFosl_dynamic.dylib
0x000000002183b000 	/System/Library/PrivateFrameworks/OTSVG.framework/Versions/A/OTSVG
0x000000002183b000 	/System/Library/Frameworks/ApplicationServices.framework/Versions/A/Frameworks/ATS.framework/Versions/A/Resources/libFontParser.dylib
0x000000002183b000 	/System/Library/Frameworks/ApplicationServices.framework/Versions/A/Frameworks/ATS.framework/Versions/A/Resources/libFontRegistry.dylib
0x000000002183b000 	/System/Library/Frameworks/ImageIO.framework/Versions/A/Resources/libJPEG.dylib
0x000000002183b000 	/System/Library/Frameworks/ImageIO.framework/Versions/A/Resources/libTIFF.dylib
0x000000002183b000 	/System/Library/Frameworks/ImageIO.framework/Versions/A/Resources/libPng.dylib
0x000000002183b000 	/System/Library/Frameworks/ImageIO.framework/Versions/A/Resources/libGIF.dylib
0x000000002183b000 	/System/Library/Frameworks/ImageIO.framework/Versions/A/Resources/libJP2.dylib
0x000000002183b000 	/System/Library/Frameworks/ImageIO.framework/Versions/A/Resources/libRadiance.dylib
0x000000002183b000 	/System/Library/PrivateFrameworks/AppleJPEG.framework/Versions/A/AppleJPEG
0x000000002183b000 	/System/Library/Frameworks/OpenGL.framework/Versions/A/Libraries/libGFXShared.dylib
0x000000002183b000 	/System/Library/Frameworks/OpenGL.framework/Versions/A/Libraries/libGLU.dylib
0x000000002183b000 	/System/Library/Frameworks/OpenGL.framework/Versions/A/Libraries/libGL.dylib
0x000000002183b000 	/System/Library/Frameworks/OpenGL.framework/Versions/A/Libraries/libGLImage.dylib
0x000000002183b000 	/System/Library/Frameworks/OpenGL.framework/Versions/A/Libraries/libCVMSPluginSupport.dylib
0x000000002183b000 	/System/Library/Frameworks/OpenGL.framework/Versions/A/Libraries/libCoreVMClient.dylib
0x000000002183b000 	/usr/lib/libcups.2.dylib
0x000000002183b000 	/System/Library/Frameworks/Kerberos.framework/Versions/A/Kerberos
0x000000002183b000 	/System/Library/Frameworks/GSS.framework/Versions/A/GSS
0x000000002183b000 	/usr/lib/libresolv.9.dylib
0x000000002183b000 	/usr/lib/libiconv.2.dylib
0x000000002183b000 	/System/Library/PrivateFrameworks/Heimdal.framework/Versions/A/Heimdal
0x000000002183b000 	/usr/lib/libheimdal-asn1.dylib
0x000000002183b000 	/System/Library/Frameworks/OpenDirectory.framework/Versions/A/OpenDirectory
0x000000002183b000 	/System/Library/PrivateFrameworks/CommonAuth.framework/Versions/A/CommonAuth
0x000000002183b000 	/System/Library/Frameworks/OpenDirectory.framework/Versions/A/Frameworks/CFOpenDirectory.framework/Versions/A/CFOpenDirectory
0x000000002183b000 	/System/Library/Frameworks/SecurityFoundation.framework/Versions/A/SecurityFoundation
0x000000002183b000 	/System/Library/PrivateFrameworks/APFS.framework/Versions/A/APFS
0x000000002183b000 	/usr/lib/libutil.dylib
0x000000002183b000 	/usr/lib/libcharset.1.dylib
0x000000002183b000 	/System/Library/PrivateFrameworks/AppleSauce.framework/Versions/A/AppleSauce
0x000000002183b000 	/System/Library/PrivateFrameworks/AssertionServices.framework/Versions/A/AssertionServices
0x000000002183b000 	/System/Library/PrivateFrameworks/BaseBoard.framework/Versions/A/BaseBoard
0x000000002183b000 	/usr/lib/libmecab.1.0.0.dylib
0x000000002183b000 	/usr/lib/libgermantok.dylib
0x000000002183b000 	/usr/lib/libThaiTokenizer.dylib
0x000000002183b000 	/usr/lib/libChineseTokenizer.dylib
0x000000002183b000 	/System/Library/PrivateFrameworks/LanguageModeling.framework/Versions/A/LanguageModeling
0x000000002183b000 	/System/Library/PrivateFrameworks/CoreEmoji.framework/Versions/A/CoreEmoji
0x000000002183b000 	/System/Library/PrivateFrameworks/Lexicon.framework/Versions/A/Lexicon
0x000000002183b000 	/System/Library/PrivateFrameworks/LinguisticData.framework/Versions/A/LinguisticData
0x000000002183b000 	/usr/lib/libcmph.dylib
0x000000002183b000 	/System/Library/Frameworks/ServiceManagement.framework/Versions/A/ServiceManagement
0x000000002183b000 	/System/Library/PrivateFrameworks/BackgroundTaskManagement.framework/Versions/A/BackgroundTaskManagement
0x000000002183b000 	/usr/lib/libxslt.1.dylib
0x000000002183b000 	/System/Library/Frameworks/Carbon.framework/Versions/A/Frameworks/Ink.framework/Versions/A/Ink
0x000000002183b000 	/System/Library/PrivateFrameworks/TextureIO.framework/Versions/A/TextureIO
0x000000002183b000 	/usr/lib/libate.dylib
0x000000002183b000 	/System/Library/PrivateFrameworks/CrashReporterSupport.framework/Versions/A/CrashReporterSupport
0x000000002183b000 	/System/Library/PrivateFrameworks/Sharing.framework/Versions/A/Sharing
0x000000002183b000 	/System/Library/PrivateFrameworks/AuthKit.framework/Versions/A/AuthKit
0x000000002183b000 	/System/Library/PrivateFrameworks/Apple80211.framework/Versions/A/Apple80211
0x000000002183b000 	/System/Library/PrivateFrameworks/CoreUtils.framework/Versions/A/CoreUtils
0x000000002183b000 	/System/Library/Frameworks/CoreWLAN.framework/Versions/A/CoreWLAN
0x000000002183b000 	/System/Library/Frameworks/IOBluetooth.framework/Versions/A/IOBluetooth
0x000000002183b000 	/System/Library/PrivateFrameworks/ProtocolBuffer.framework/Versions/A/ProtocolBuffer
0x000000002183b000 	/System/Library/PrivateFrameworks/MobileKeyBag.framework/Versions/A/MobileKeyBag
0x000000002183b000 	/System/Library/PrivateFrameworks/CorePhoneNumbers.framework/Versions/A/CorePhoneNumbers
0x000000002183b000 	/System/Library/PrivateFrameworks/AppleIDAuthSupport.framework/Versions/A/AppleIDAuthSupport
0x000000002183b000 	/System/Library/PrivateFrameworks/KeychainCircle.framework/Versions/A/KeychainCircle
0x000000002183b000 	/System/Library/PrivateFrameworks/ROCKit.framework/Versions/A/ROCKit
0x000000002183b000 	/System/Library/PrivateFrameworks/CoreWiFi.framework/Versions/A/CoreWiFi
0x000000002183b000 	/System/Library/Frameworks/CoreBluetooth.framework/Versions/A/CoreBluetooth
0x000000002183b000 	/System/Library/PrivateFrameworks/DebugSymbols.framework/Versions/A/DebugSymbols
0x000000002183b000 	/System/Library/PrivateFrameworks/CoreSymbolication.framework/Versions/A/CoreSymbolication
0x000000002183b000 	/System/Library/PrivateFrameworks/Symbolication.framework/Versions/A/Symbolication
0x000000002183b000 	/System/Library/PrivateFrameworks/SpeechRecognitionCore.framework/Versions/A/SpeechRecognitionCore
0x0000000101200000 	/Library/Java/JavaVirtualMachines/jdk1.8.0_77.jdk/Contents/Home/jre/lib/server/libjvm.dylib
0x000000002183b000 	/usr/lib/libstdc++.6.dylib
0x0000000100147000 	/Library/Java/JavaVirtualMachines/jdk1.8.0_77.jdk/Contents/Home/jre/lib/libverify.dylib
0x0000000100155000 	/Library/Java/JavaVirtualMachines/jdk1.8.0_77.jdk/Contents/Home/jre/lib/libjava.dylib
0x00000001001d4000 	/Library/Java/JavaVirtualMachines/jdk1.8.0_77.jdk/Contents/Home/jre/lib/libzip.dylib
0x000000002183b000 	/System/Library/Frameworks/JavaVM.framework/Versions/A/Frameworks/JavaRuntimeSupport.framework/Versions/A/JavaRuntimeSupport
0x000000002183b000 	/System/Library/Frameworks/JavaVM.framework/Versions/A/Frameworks/JavaNativeFoundation.framework/Versions/A/JavaNativeFoundation
0x000000002183b000 	/System/Library/Frameworks/JavaVM.framework/Versions/A/JavaVM
0x000000002183b000 	/System/Library/Frameworks/Carbon.framework/Versions/A/Carbon
0x000000002183b000 	/System/Library/PrivateFrameworks/JavaLaunching.framework/Versions/A/JavaLaunching
0x000000002183b000 	/System/Library/Frameworks/Carbon.framework/Versions/A/Frameworks/CommonPanels.framework/Versions/A/CommonPanels
0x000000002183b000 	/System/Library/Frameworks/Carbon.framework/Versions/A/Frameworks/Help.framework/Versions/A/Help
0x000000002183b000 	/System/Library/Frameworks/Carbon.framework/Versions/A/Frameworks/ImageCapture.framework/Versions/A/ImageCapture
0x000000002183b000 	/System/Library/Frameworks/Carbon.framework/Versions/A/Frameworks/OpenScripting.framework/Versions/A/OpenScripting
0x000000002183b000 	/System/Library/Frameworks/Carbon.framework/Versions/A/Frameworks/Print.framework/Versions/A/Print
0x000000002183b000 	/System/Library/Frameworks/Carbon.framework/Versions/A/Frameworks/SecurityHI.framework/Versions/A/SecurityHI
0x0000000109280000 	/Library/Java/JavaVirtualMachines/jdk1.8.0_77.jdk/Contents/Home/jre/lib/libnet.dylib
0x00000001092df000 	/Library/Java/JavaVirtualMachines/jdk1.8.0_77.jdk/Contents/Home/jre/lib/libnio.dylib
0x00000001092ef000 	/Users/Andre/.gradle/native/25/osx-amd64/libnative-platform.dylib
0x0000000109766000 	/Library/Java/JavaVirtualMachines/jdk1.8.0_77.jdk/Contents/Home/jre/lib/libmanagement.dylib
0x0000000109041000 	/private/var/folders/py/bbf73_6j1rn3dz43ps11r4jw0000gn/T/native-platform4779536516478569197dir/libnative-platform.dylib
0x0000000109048000 	/Users/Andre/.gradle/native/jansi/1.14/osx/libjansi.jnilib

VM Arguments:
jvm_args: -XX:+HeapDumpOnOutOfMemoryError -Xmx1024m -Dfile.encoding=UTF-8 -Duser.country=BR -Duser.language=en -Duser.variant 
java_command: org.gradle.launcher.daemon.bootstrap.GradleDaemon 4.6
java_class_path (initial): /Users/Andre/.gradle/wrapper/dists/gradle-4.6-bin/4jp4stjndanmxuerzfseyb6wo/gradle-4.6/lib/gradle-launcher-4.6.jar
Launcher Type: SUN_STANDARD

Environment Variables:
PATH=/Users/Andre/.nvm/versions/node/v6.0.0/bin:/usr/local/bin:/usr/bin:/bin:/usr/sbin:/sbin:/usr/local/git/bin:/Users/Andre/.rvm/bin
SHELL=/bin/bash

Signal Handlers:
SIGSEGV: [libjvm.dylib+0x5a6855], sa_mask[0]=11111111011111110111111111111111, sa_flags=SA_ONSTACK|SA_RESTART|SA_SIGINFO
SIGBUS: [libjvm.dylib+0x5a6855], sa_mask[0]=11111111011111110111111111111111, sa_flags=SA_RESTART|SA_SIGINFO
SIGFPE: [libjvm.dylib+0x4804ec], sa_mask[0]=11111111011111110111111111111111, sa_flags=SA_RESTART|SA_SIGINFO
SIGPIPE: [libjvm.dylib+0x4804ec], sa_mask[0]=11111111011111110111111111111111, sa_flags=SA_RESTART|SA_SIGINFO
SIGXFSZ: [libjvm.dylib+0x4804ec], sa_mask[0]=11111111011111110111111111111111, sa_flags=SA_RESTART|SA_SIGINFO
SIGILL: [libjvm.dylib+0x4804ec], sa_mask[0]=11111111011111110111111111111111, sa_flags=SA_RESTART|SA_SIGINFO
SIGUSR1: SIG_DFL, sa_mask[0]=00000000000000000000000000000000, sa_flags=none
SIGUSR2: [libjvm.dylib+0x48000a], sa_mask[0]=00100000000000000000000000000000, sa_flags=SA_RESTART|SA_SIGINFO
SIGHUP: [libjvm.dylib+0x47e5e1], sa_mask[0]=11111111011111110111111111111111, sa_flags=SA_RESTART|SA_SIGINFO
SIGINT: [libjvm.dylib+0x47e5e1], sa_mask[0]=11111111011111110111111111111111, sa_flags=SA_RESTART|SA_SIGINFO
SIGTERM: [libjvm.dylib+0x47e5e1], sa_mask[0]=11111111011111110111111111111111, sa_flags=SA_RESTART|SA_SIGINFO
SIGQUIT: [libjvm.dylib+0x47e5e1], sa_mask[0]=11111111011111110111111111111111, sa_flags=SA_RESTART|SA_SIGINFO


---------------  S Y S T E M  ---------------

OS:Bsduname:Darwin 18.0.0 Darwin Kernel Version 18.0.0: Wed Aug 22 20:13:40 PDT 2018; root:xnu-4903.201.2~1/RELEASE_X86_64 x86_64
rlimit: STACK 8192k, CORE 0k, NPROC 709, NOFILE 10240, AS infinity
load average:6.06 5.22 4.32

CPU:total 8 (4 cores per cpu, 2 threads per core) family 6 model 58 stepping 9, cmov, cx8, fxsr, mmx, sse, sse2, sse3, ssse3, sse4.1, sse4.2, popcnt, avx, aes, clmul, erms, ht, tsc, tscinvbit, tscinv

Memory: 4k page, physical 8388608k(23820k free)

/proc/meminfo:


vm_info: Java HotSpot(TM) 64-Bit Server VM (25.77-b03) for bsd-amd64 JRE (1.8.0_77-b03), built on Mar 20 2016 22:14:03 by "java_re" with gcc 4.2.1 (Based on Apple Inc. build 5658) (LLVM build 2336.11.00)

time: Sat Oct 20 19:51:37 2018
elapsed time: 12 seconds (0d 0h 0m 12s)

